[debug] [2022-07-16T08:36:42.776Z] ----------------------------------------------------------------------
[debug] [2022-07-16T08:36:42.777Z] Command:       /usr/bin/node /usr/bin/firebase emulators:start
[debug] [2022-07-16T08:36:42.777Z] CLI Version:   11.2.1
[debug] [2022-07-16T08:36:42.778Z] Platform:      linux
[debug] [2022-07-16T08:36:42.778Z] Node Version:  v14.20.0
[debug] [2022-07-16T08:36:42.778Z] Time:          Sat Jul 16 2022 14:06:42 GMT+0530 (India Standard Time)
[debug] [2022-07-16T08:36:42.778Z] ----------------------------------------------------------------------
[debug] 
[debug] [2022-07-16T08:36:42.834Z] > command requires scopes: ["email","openid","https://www.googleapis.com/auth/cloudplatformprojects.readonly","https://www.googleapis.com/auth/firebase","https://www.googleapis.com/auth/cloud-platform"]
[debug] [2022-07-16T08:36:42.834Z] > authorizing via signed-in user (piyushrawat225@gmail.com)
[info] i  emulators: Starting emulators: functions, hosting {"metadata":{"emulator":{"name":"hub"},"message":"Starting emulators: functions, hosting"}}
[debug] [2022-07-16T08:36:42.872Z] [hub] writing locator at /tmp/hub-e-comm-49695.json
[warn] ⚠  functions: The following emulators are not running, calls to these services from the Functions emulator will affect production: auth, firestore, database, pubsub, storage {"metadata":{"emulator":{"name":"functions"},"message":"The following emulators are not running, calls to these services from the Functions emulator will affect production: \u001b[1mauth, firestore, database, pubsub, storage\u001b[22m"}}
[warn] ⚠  Your requested "node" version "16" doesn't match your global version "14". Using node@14 from host. {"metadata":{"emulator":{"name":"functions"},"message":"Your requested \"node\" version \"16\" doesn't match your global version \"14\". Using node@14 from host."}}
[debug] [2022-07-16T08:36:42.915Z] defaultcredentials: writing to file /home/pr/.config/firebase/piyushrawat225_gmail_com_application_default_credentials.json
[debug] [2022-07-16T08:36:42.917Z] Setting GAC to /home/pr/.config/firebase/piyushrawat225_gmail_com_application_default_credentials.json {"metadata":{"emulator":{"name":"functions"},"message":"Setting GAC to /home/pr/.config/firebase/piyushrawat225_gmail_com_application_default_credentials.json"}}
[debug] [2022-07-16T08:36:42.919Z] > refreshing access token with scopes: []
[debug] [2022-07-16T08:36:42.920Z] >>> [apiv2][query] POST https://www.googleapis.com/oauth2/v3/token [none]
[debug] [2022-07-16T08:36:42.920Z] >>> [apiv2][body] POST https://www.googleapis.com/oauth2/v3/token [omitted]
[debug] [2022-07-16T08:36:43.187Z] <<< [apiv2][status] POST https://www.googleapis.com/oauth2/v3/token 200
[debug] [2022-07-16T08:36:43.187Z] <<< [apiv2][body] POST https://www.googleapis.com/oauth2/v3/token [omitted]
[debug] [2022-07-16T08:36:43.199Z] >>> [apiv2][query] GET https://firebase.googleapis.com/v1beta1/projects/e-comm-49695/adminSdkConfig [none]
[debug] [2022-07-16T08:36:43.726Z] <<< [apiv2][status] GET https://firebase.googleapis.com/v1beta1/projects/e-comm-49695/adminSdkConfig 200
[debug] [2022-07-16T08:36:43.727Z] <<< [apiv2][body] GET https://firebase.googleapis.com/v1beta1/projects/e-comm-49695/adminSdkConfig {"projectId":"e-comm-49695","storageBucket":"e-comm-49695.appspot.com"}
[debug] [2022-07-16T08:36:43.750Z] >>> [apiv2][query] GET https://firebasehosting.googleapis.com/v1beta1/projects/e-comm-49695/sites 
[debug] [2022-07-16T08:36:45.979Z] <<< [apiv2][status] GET https://firebasehosting.googleapis.com/v1beta1/projects/e-comm-49695/sites 200
[debug] [2022-07-16T08:36:45.980Z] <<< [apiv2][body] GET https://firebasehosting.googleapis.com/v1beta1/projects/e-comm-49695/sites {"sites":[{"name":"projects/e-comm-49695/sites/e-comm-49695","defaultUrl":"https://e-comm-49695.web.app","appId":"1:728050582258:web:3c56fcea7bceb34294466b","type":"DEFAULT_SITE"}]}
[debug] [2022-07-16T08:36:45.981Z] >>> [apiv2][query] GET https://firebase.googleapis.com/v1beta1/projects/e-comm-49695/webApps/1:728050582258:web:3c56fcea7bceb34294466b/config [none]
[debug] [2022-07-16T08:36:47.721Z] <<< [apiv2][status] GET https://firebase.googleapis.com/v1beta1/projects/e-comm-49695/webApps/1:728050582258:web:3c56fcea7bceb34294466b/config 200
[debug] [2022-07-16T08:36:47.721Z] <<< [apiv2][body] GET https://firebase.googleapis.com/v1beta1/projects/e-comm-49695/webApps/1:728050582258:web:3c56fcea7bceb34294466b/config {"projectId":"e-comm-49695","appId":"1:728050582258:web:3c56fcea7bceb34294466b","storageBucket":"e-comm-49695.appspot.com","apiKey":"AIzaSyDGYqCJYSgzQtnHeA1JAxxX1LK3f4fhReQ","authDomain":"e-comm-49695.firebaseapp.com","messagingSenderId":"728050582258","measurementId":"G-NBTWZK9E3P"}
[info] i  hosting: Serving hosting files from: build {"metadata":{"emulator":{"name":"hosting"},"message":"Serving hosting files from: \u001b[1mbuild\u001b[22m"}}
[info] ✔  hosting: Local server: http://localhost:5000 {"metadata":{"emulator":{"name":"hosting"},"message":"Local server: \u001b[4m\u001b[1mhttp://localhost:5000\u001b[22m\u001b[24m"}}
[debug] [2022-07-16T08:36:47.767Z] Ignoring unsupported arg: auto_download {"metadata":{"emulator":{"name":"ui"},"message":"Ignoring unsupported arg: auto_download"}}
[debug] [2022-07-16T08:36:47.768Z] Ignoring unsupported arg: port {"metadata":{"emulator":{"name":"ui"},"message":"Ignoring unsupported arg: port"}}
[debug] [2022-07-16T08:36:47.768Z] Starting Emulator UI with command {"binary":"node","args":["--dns-result-order=ipv4first","/home/pr/.cache/firebase/emulators/ui-v1.7.0/server.bundle.js"],"optionalArgs":[],"joinArgs":false} {"metadata":{"emulator":{"name":"ui"},"message":"Starting Emulator UI with command {\"binary\":\"node\",\"args\":[\"--dns-result-order=ipv4first\",\"/home/pr/.cache/firebase/emulators/ui-v1.7.0/server.bundle.js\"],\"optionalArgs\":[],\"joinArgs\":false}"}}
[info] i  ui: Emulator UI logging to ui-debug.log {"metadata":{"emulator":{"name":"ui"},"message":"Emulator UI logging to \u001b[1mui-debug.log\u001b[22m"}}
[debug] [2022-07-16T08:36:47.860Z] Web / API server started at localhost:4000
 {"metadata":{"emulator":{"name":"ui"},"message":"Web / API server started at localhost:4000\n"}}
[info] i  functions: Watching "/media/pr/Rawat/Insane/e-comm/functions" for Cloud Functions... {"metadata":{"emulator":{"name":"functions"},"message":"Watching \"/media/pr/Rawat/Insane/e-comm/functions\" for Cloud Functions..."}}
[debug] [2022-07-16T08:36:48.056Z] Validating nodejs source
[debug] [2022-07-16T08:36:49.537Z] > [functions] package.json contents: {
  "name": "functions",
  "description": "Cloud Functions for Firebase",
  "scripts": {
    "lint": "eslint .",
    "serve": "firebase emulators:start --only functions",
    "shell": "firebase functions:shell",
    "start": "npm run shell",
    "deploy": "firebase deploy --only functions",
    "logs": "firebase functions:log"
  },
  "engines": {
    "node": "16"
  },
  "main": "index.js",
  "dependencies": {
    "cors": "^2.8.5",
    "express": "^4.18.1",
    "firebase-admin": "^10.0.2",
    "firebase-functions": "^3.18.0",
    "stripe": "^9.13.0"
  },
  "devDependencies": {
    "eslint": "^8.9.0",
    "eslint-config-google": "^0.14.0",
    "firebase-functions-test": "^0.2.0"
  },
  "private": true
}
[debug] [2022-07-16T08:36:49.538Z] Building nodejs source
[debug] [2022-07-16T08:36:49.538Z] Analyzing nodejs backend spec
[debug] [2022-07-16T08:36:49.539Z] Could not find functions.yaml. Must use http discovery
[debug] [2022-07-16T08:36:49.727Z] Serving at port 9005

[debug] [2022-07-16T08:36:49.855Z] Got response from /__/functions.yaml {"endpoints":{"api":{"platform":"gcfv1","httpsTrigger":{},"entryPoint":"api"}},"specVersion":"v1alpha1","requiredAPIs":[]}
[debug] [2022-07-16T08:36:49.861Z] shutdown requested via /__/quitquitquit

[info] ✔  functions[us-central1-api]: http function initialized (http://localhost:5001/e-comm-49695/us-central1/api). {"metadata":{"emulator":{"name":"functions"},"message":"\u001b[1mhttp\u001b[22m function initialized (http://localhost:5001/e-comm-49695/us-central1/api)."}}
[info] 
┌─────────────────────────────────────────────────────────────┐
│ ✔  All emulators ready! It is now safe to connect your app. │
│ i  View Emulator UI at http://localhost:4000                │
└─────────────────────────────────────────────────────────────┘

┌───────────┬────────────────┬─────────────────────────────────┐
│ Emulator  │ Host:Port      │ View in Emulator UI             │
├───────────┼────────────────┼─────────────────────────────────┤
│ Functions │ localhost:5001 │ http://localhost:4000/functions │
├───────────┼────────────────┼─────────────────────────────────┤
│ Hosting   │ localhost:5000 │ n/a                             │
└───────────┴────────────────┴─────────────────────────────────┘
  Emulator Hub running at localhost:4400
  Other reserved ports: 4500

Issues? Report them at https://github.com/firebase/firebase-tools/issues and attach the *-debug.log files.
 
[debug] [2022-07-16T08:38:29.773Z] File /media/pr/Rawat/Insane/e-comm/functions/index.js changed, reloading triggers {"metadata":{"emulator":{"name":"functions"},"message":"File /media/pr/Rawat/Insane/e-comm/functions/index.js changed, reloading triggers"}}
[debug] [2022-07-16T08:38:30.780Z] Validating nodejs source
[debug] [2022-07-16T08:38:32.279Z] > [functions] package.json contents: {
  "name": "functions",
  "description": "Cloud Functions for Firebase",
  "scripts": {
    "lint": "eslint .",
    "serve": "firebase emulators:start --only functions",
    "shell": "firebase functions:shell",
    "start": "npm run shell",
    "deploy": "firebase deploy --only functions",
    "logs": "firebase functions:log"
  },
  "engines": {
    "node": "16"
  },
  "main": "index.js",
  "dependencies": {
    "cors": "^2.8.5",
    "express": "^4.18.1",
    "firebase-admin": "^10.0.2",
    "firebase-functions": "^3.18.0",
    "stripe": "^9.13.0"
  },
  "devDependencies": {
    "eslint": "^8.9.0",
    "eslint-config-google": "^0.14.0",
    "firebase-functions-test": "^0.2.0"
  },
  "private": true
}
[debug] [2022-07-16T08:38:32.280Z] Building nodejs source
[debug] [2022-07-16T08:38:32.280Z] Analyzing nodejs backend spec
[debug] [2022-07-16T08:38:32.281Z] Could not find functions.yaml. Must use http discovery
[debug] [2022-07-16T08:38:32.446Z] Serving at port 9005

[debug] [2022-07-16T08:38:32.572Z] Got response from /__/functions.yaml {"endpoints":{"api":{"platform":"gcfv1","httpsTrigger":{},"entryPoint":"api"}},"specVersion":"v1alpha1","requiredAPIs":[]}
[debug] [2022-07-16T08:38:32.576Z] shutdown requested via /__/quitquitquit

[debug] [2022-07-16T08:38:37.030Z] [work-queue] {"queueLength":1,"workRunningCount":0}
[debug] [2022-07-16T08:38:37.030Z] [work-queue] {"queueLength":0,"workRunningCount":1}
[debug] [2022-07-16T08:38:37.030Z] Accepted request POST /e-comm-49695/us-central1/api/payments/create?total=47000 --> us-central1-api
[debug] [2022-07-16T08:38:37.039Z] [worker-pool] addWorker(us-central1-api) {"metadata":{"emulator":{"name":"functions"},"message":"[worker-pool] addWorker(us-central1-api)"}}
[debug] [2022-07-16T08:38:37.039Z] [worker-pool] Adding worker with key us-central1-api, total=1 {"metadata":{"emulator":{"name":"functions"},"message":"[worker-pool] Adding worker with key us-central1-api, total=1"}}
[debug] [2022-07-16T08:38:37.039Z] [worker-pool] submitWork(triggerId=us-central1-api) {"metadata":{"emulator":{"name":"functions"},"message":"[worker-pool] submitWork(triggerId=us-central1-api)"}}
[debug] [2022-07-16T08:38:37.039Z] [worker-us-central1-api-b33acc06-90dc-4c97-ab9b-dc5dc2cdbab9]: BUSY {"metadata":{"emulator":{"name":"functions"},"message":"[worker-us-central1-api-b33acc06-90dc-4c97-ab9b-dc5dc2cdbab9]: BUSY"}}
[debug] [2022-07-16T08:38:37.568Z] [runtime-status] [25450] Functions runtime initialized. {"cwd":"/media/pr/Rawat/Insane/e-comm/functions","node_version":"14.20.0"} {"metadata":{"emulator":{"name":"functions"},"function":{"name":"us-central1-api"},"extension":{},"message":"[runtime-status] [25450] Functions runtime initialized. {\"cwd\":\"/media/pr/Rawat/Insane/e-comm/functions\",\"node_version\":\"14.20.0\"}"}}
[debug] [2022-07-16T08:38:37.572Z] [runtime-status] [25450] Disabled runtime features: undefined {"metadata":{"emulator":{"name":"functions"},"function":{"name":"us-central1-api"},"extension":{},"message":"[runtime-status] [25450] Disabled runtime features: undefined"}}
[debug] [2022-07-16T08:38:37.574Z] [runtime-status] [25450] Resolved module firebase-admin {"declared":true,"installed":true,"version":"10.3.0","resolution":"/media/pr/Rawat/Insane/e-comm/functions/node_modules/firebase-admin/lib/index.js"} {"metadata":{"emulator":{"name":"functions"},"function":{"name":"us-central1-api"},"extension":{},"message":"[runtime-status] [25450] Resolved module firebase-admin {\"declared\":true,\"installed\":true,\"version\":\"10.3.0\",\"resolution\":\"/media/pr/Rawat/Insane/e-comm/functions/node_modules/firebase-admin/lib/index.js\"}"}}
[debug] [2022-07-16T08:38:37.576Z] [runtime-status] [25450] Resolved module firebase-functions {"declared":true,"installed":true,"version":"3.22.0","resolution":"/media/pr/Rawat/Insane/e-comm/functions/node_modules/firebase-functions/lib/index.js"} {"metadata":{"emulator":{"name":"functions"},"function":{"name":"us-central1-api"},"extension":{},"message":"[runtime-status] [25450] Resolved module firebase-functions {\"declared\":true,\"installed\":true,\"version\":\"3.22.0\",\"resolution\":\"/media/pr/Rawat/Insane/e-comm/functions/node_modules/firebase-functions/lib/index.js\"}"}}
[debug] [2022-07-16T08:38:37.577Z] [runtime-status] [25450] Outgoing network have been stubbed. [{"name":"http","status":"mocked"},{"name":"http","status":"mocked"},{"name":"https","status":"mocked"},{"name":"https","status":"mocked"},{"name":"net","status":"mocked"}] {"metadata":{"emulator":{"name":"functions"},"function":{"name":"us-central1-api"},"extension":{},"message":"[runtime-status] [25450] Outgoing network have been stubbed. [{\"name\":\"http\",\"status\":\"mocked\"},{\"name\":\"http\",\"status\":\"mocked\"},{\"name\":\"https\",\"status\":\"mocked\"},{\"name\":\"https\",\"status\":\"mocked\"},{\"name\":\"net\",\"status\":\"mocked\"}]"}}
[debug] [2022-07-16T08:38:37.578Z] [runtime-status] [25450] Resolved module firebase-functions {"declared":true,"installed":true,"version":"3.22.0","resolution":"/media/pr/Rawat/Insane/e-comm/functions/node_modules/firebase-functions/lib/index.js"} {"metadata":{"emulator":{"name":"functions"},"function":{"name":"us-central1-api"},"extension":{},"message":"[runtime-status] [25450] Resolved module firebase-functions {\"declared\":true,\"installed\":true,\"version\":\"3.22.0\",\"resolution\":\"/media/pr/Rawat/Insane/e-comm/functions/node_modules/firebase-functions/lib/index.js\"}"}}
[debug] [2022-07-16T08:38:37.626Z] [runtime-status] [25450] Checked functions.config() {"config":{}} {"metadata":{"emulator":{"name":"functions"},"function":{"name":"us-central1-api"},"extension":{},"message":"[runtime-status] [25450] Checked functions.config() {\"config\":{}}"}}
[debug] [2022-07-16T08:38:37.627Z] [runtime-status] [25450] firebase-functions has been stubbed. {"functionsResolution":{"declared":true,"installed":true,"version":"3.22.0","resolution":"/media/pr/Rawat/Insane/e-comm/functions/node_modules/firebase-functions/lib/index.js"}} {"metadata":{"emulator":{"name":"functions"},"function":{"name":"us-central1-api"},"extension":{},"message":"[runtime-status] [25450] firebase-functions has been stubbed. {\"functionsResolution\":{\"declared\":true,\"installed\":true,\"version\":\"3.22.0\",\"resolution\":\"/media/pr/Rawat/Insane/e-comm/functions/node_modules/firebase-functions/lib/index.js\"}}"}}
[debug] [2022-07-16T08:38:37.628Z] [runtime-status] [25450] Resolved module firebase-functions {"declared":true,"installed":true,"version":"3.22.0","resolution":"/media/pr/Rawat/Insane/e-comm/functions/node_modules/firebase-functions/lib/index.js"} {"metadata":{"emulator":{"name":"functions"},"function":{"name":"us-central1-api"},"extension":{},"message":"[runtime-status] [25450] Resolved module firebase-functions {\"declared\":true,\"installed\":true,\"version\":\"3.22.0\",\"resolution\":\"/media/pr/Rawat/Insane/e-comm/functions/node_modules/firebase-functions/lib/index.js\"}"}}
[debug] [2022-07-16T08:38:37.629Z] [runtime-status] [25450] Resolved module firebase-admin {"declared":true,"installed":true,"version":"10.3.0","resolution":"/media/pr/Rawat/Insane/e-comm/functions/node_modules/firebase-admin/lib/index.js"} {"metadata":{"emulator":{"name":"functions"},"function":{"name":"us-central1-api"},"extension":{},"message":"[runtime-status] [25450] Resolved module firebase-admin {\"declared\":true,\"installed\":true,\"version\":\"10.3.0\",\"resolution\":\"/media/pr/Rawat/Insane/e-comm/functions/node_modules/firebase-admin/lib/index.js\"}"}}
[debug] [2022-07-16T08:38:37.630Z] [runtime-status] [25450] Resolved module firebase-functions {"declared":true,"installed":true,"version":"3.22.0","resolution":"/media/pr/Rawat/Insane/e-comm/functions/node_modules/firebase-functions/lib/index.js"} {"metadata":{"emulator":{"name":"functions"},"function":{"name":"us-central1-api"},"extension":{},"message":"[runtime-status] [25450] Resolved module firebase-functions {\"declared\":true,\"installed\":true,\"version\":\"3.22.0\",\"resolution\":\"/media/pr/Rawat/Insane/e-comm/functions/node_modules/firebase-functions/lib/index.js\"}"}}
[debug] [2022-07-16T08:38:37.631Z] [runtime-status] [25450] firebase-admin has been stubbed. {"adminResolution":{"declared":true,"installed":true,"version":"10.3.0","resolution":"/media/pr/Rawat/Insane/e-comm/functions/node_modules/firebase-admin/lib/index.js"}} {"metadata":{"emulator":{"name":"functions"},"function":{"name":"us-central1-api"},"extension":{},"message":"[runtime-status] [25450] firebase-admin has been stubbed. {\"adminResolution\":{\"declared\":true,\"installed\":true,\"version\":\"10.3.0\",\"resolution\":\"/media/pr/Rawat/Insane/e-comm/functions/node_modules/firebase-admin/lib/index.js\"}}"}}
[debug] [2022-07-16T08:38:37.828Z] [runtime-status] [25450] Beginning invocation function api! {"metadata":{"emulator":{"name":"functions"},"function":{"name":"us-central1-api"},"extension":{},"message":"[runtime-status] [25450] Beginning invocation function api!"}}
[info] i  functions: Beginning execution of "api" {"metadata":{"emulator":{"name":"functions"},"function":{"name":"us-central1-api"},"extension":{},"message":"Beginning execution of \"api\""}}
[debug] [2022-07-16T08:38:37.829Z] [runtime-status] [25450] Running api in signature http {"metadata":{"emulator":{"name":"functions"},"function":{"name":"us-central1-api"},"extension":{},"message":"[runtime-status] [25450] Running api in signature http"}}
[debug] [2022-07-16T08:38:37.831Z] [runtime-status] [25450] Attempting to listen to port: /tmp/fire_emu_e03b119afd7c629b.sock {"metadata":{"emulator":{"name":"functions"},"function":{"name":"us-central1-api"},"extension":{},"message":"[runtime-status] [25450] Attempting to listen to port: /tmp/fire_emu_e03b119afd7c629b.sock"}}
[debug] [2022-07-16T08:38:37.833Z] [runtime-status] [25450] Listening to port: /tmp/fire_emu_e03b119afd7c629b.sock {"metadata":{"emulator":{"name":"functions"},"function":{"name":"us-central1-api"},"extension":{},"message":"[runtime-status] [25450] Listening to port: /tmp/fire_emu_e03b119afd7c629b.sock"}}
[debug] [2022-07-16T08:38:37.837Z] [functions] Runtime ready! Sending request! {"metadata":{"emulator":{"name":"functions"},"message":"[functions] Runtime ready! Sending request!"}}
[debug] [2022-07-16T08:38:37.837Z] [functions] Got req.url=/e-comm-49695/us-central1/api/payments/create?total=47000, mapping to path=/payments/create?total=47000 {"metadata":{"emulator":{"name":"functions"},"message":"[functions] Got req.url=/e-comm-49695/us-central1/api/payments/create?total=47000, mapping to path=/payments/create?total=47000"}}
[debug] [2022-07-16T08:38:37.843Z] [runtime-status] [25450] Ephemeral server handling POST request {"metadata":{"emulator":{"name":"functions"},"function":{"name":"us-central1-api"},"extension":{},"message":"[runtime-status] [25450] Ephemeral server handling POST request"}}
[info] >  Payement request recieved for  47000 {"user":"Payement request recieved for  47000","metadata":{"emulator":{"name":"functions"},"function":{"name":"us-central1-api"},"extension":{},"message":"\u001b[90m> \u001b[39m Payement request recieved for  47000"}}
[debug] [2022-07-16T08:38:37.857Z] [runtime-status] [25450] Ephemeral server survived. {"metadata":{"emulator":{"name":"functions"},"function":{"name":"us-central1-api"},"extension":{},"message":"[runtime-status] [25450] Ephemeral server survived."}}
[info] i  functions: Finished "api" in ~2s {"metadata":{"emulator":{"name":"functions"},"function":{"name":"us-central1-api"},"extension":{},"message":"Finished \"api\" in ~2s"}}
[debug] [2022-07-16T08:38:39.967Z] [worker-us-central1-api-b33acc06-90dc-4c97-ab9b-dc5dc2cdbab9]: IDLE {"metadata":{"emulator":{"name":"functions"},"message":"[worker-us-central1-api-b33acc06-90dc-4c97-ab9b-dc5dc2cdbab9]: IDLE"}}
[debug] [2022-07-16T08:38:39.967Z] [work-queue] {"queueLength":0,"workRunningCount":0}
[debug] [2022-07-16T08:38:56.138Z] [work-queue] {"queueLength":1,"workRunningCount":0}
[debug] [2022-07-16T08:38:56.138Z] [work-queue] {"queueLength":0,"workRunningCount":1}
[debug] [2022-07-16T08:38:56.138Z] Accepted request POST /e-comm-49695/us-central1/api/payments/create?total=204000 --> us-central1-api
[debug] [2022-07-16T08:38:56.138Z] [worker-pool] submitWork(triggerId=us-central1-api) {"metadata":{"emulator":{"name":"functions"},"message":"[worker-pool] submitWork(triggerId=us-central1-api)"}}
[debug] [2022-07-16T08:38:56.138Z] [worker-us-central1-api-b33acc06-90dc-4c97-ab9b-dc5dc2cdbab9]: BUSY {"metadata":{"emulator":{"name":"functions"},"message":"[worker-us-central1-api-b33acc06-90dc-4c97-ab9b-dc5dc2cdbab9]: BUSY"}}
[debug] [2022-07-16T08:38:56.139Z] [runtime-status] [25450] Beginning invocation function api! {"metadata":{"emulator":{"name":"functions"},"function":{"name":"us-central1-api"},"extension":{},"message":"[runtime-status] [25450] Beginning invocation function api!"}}
[info] i  functions: Beginning execution of "api" {"metadata":{"emulator":{"name":"functions"},"function":{"name":"us-central1-api"},"extension":{},"message":"Beginning execution of \"api\""}}
[debug] [2022-07-16T08:38:56.140Z] [runtime-status] [25450] Running api in signature http {"metadata":{"emulator":{"name":"functions"},"function":{"name":"us-central1-api"},"extension":{},"message":"[runtime-status] [25450] Running api in signature http"}}
[debug] [2022-07-16T08:38:56.140Z] [runtime-status] [25450] Attempting to listen to port: /tmp/fire_emu_e03b119afd7c629b.sock {"metadata":{"emulator":{"name":"functions"},"function":{"name":"us-central1-api"},"extension":{},"message":"[runtime-status] [25450] Attempting to listen to port: /tmp/fire_emu_e03b119afd7c629b.sock"}}
[debug] [2022-07-16T08:38:56.141Z] [runtime-status] [25450] Listening to port: /tmp/fire_emu_e03b119afd7c629b.sock {"metadata":{"emulator":{"name":"functions"},"function":{"name":"us-central1-api"},"extension":{},"message":"[runtime-status] [25450] Listening to port: /tmp/fire_emu_e03b119afd7c629b.sock"}}
[debug] [2022-07-16T08:38:56.143Z] [functions] Runtime ready! Sending request! {"metadata":{"emulator":{"name":"functions"},"message":"[functions] Runtime ready! Sending request!"}}
[debug] [2022-07-16T08:38:56.143Z] [functions] Got req.url=/e-comm-49695/us-central1/api/payments/create?total=204000, mapping to path=/payments/create?total=204000 {"metadata":{"emulator":{"name":"functions"},"message":"[functions] Got req.url=/e-comm-49695/us-central1/api/payments/create?total=204000, mapping to path=/payments/create?total=204000"}}
[debug] [2022-07-16T08:38:56.149Z] [runtime-status] [25450] Ephemeral server handling POST request {"metadata":{"emulator":{"name":"functions"},"function":{"name":"us-central1-api"},"extension":{},"message":"[runtime-status] [25450] Ephemeral server handling POST request"}}
[info] >  Payement request recieved for  204000 {"user":"Payement request recieved for  204000","metadata":{"emulator":{"name":"functions"},"function":{"name":"us-central1-api"},"extension":{},"message":"\u001b[90m> \u001b[39m Payement request recieved for  204000"}}
[debug] [2022-07-16T08:38:56.152Z] [runtime-status] [25450] Ephemeral server survived. {"metadata":{"emulator":{"name":"functions"},"function":{"name":"us-central1-api"},"extension":{},"message":"[runtime-status] [25450] Ephemeral server survived."}}
[info] i  functions: Finished "api" in ~1s {"metadata":{"emulator":{"name":"functions"},"function":{"name":"us-central1-api"},"extension":{},"message":"Finished \"api\" in ~1s"}}
[debug] [2022-07-16T08:38:56.517Z] [worker-us-central1-api-b33acc06-90dc-4c97-ab9b-dc5dc2cdbab9]: IDLE {"metadata":{"emulator":{"name":"functions"},"message":"[worker-us-central1-api-b33acc06-90dc-4c97-ab9b-dc5dc2cdbab9]: IDLE"}}
[debug] [2022-07-16T08:38:56.518Z] [work-queue] {"queueLength":0,"workRunningCount":0}
[debug] [2022-07-16T19:30:05.462Z] [work-queue] {"queueLength":1,"workRunningCount":0}
[debug] [2022-07-16T19:30:05.462Z] [work-queue] {"queueLength":0,"workRunningCount":1}
[debug] [2022-07-16T19:30:05.462Z] Accepted request POST /e-comm-49695/us-central1/api/payments/create?total=0 --> us-central1-api
[debug] [2022-07-16T19:30:05.462Z] [worker-pool] submitWork(triggerId=us-central1-api) {"metadata":{"emulator":{"name":"functions"},"message":"[worker-pool] submitWork(triggerId=us-central1-api)"}}
[debug] [2022-07-16T19:30:05.462Z] [worker-us-central1-api-b33acc06-90dc-4c97-ab9b-dc5dc2cdbab9]: BUSY {"metadata":{"emulator":{"name":"functions"},"message":"[worker-us-central1-api-b33acc06-90dc-4c97-ab9b-dc5dc2cdbab9]: BUSY"}}
[debug] [2022-07-16T19:30:05.463Z] [runtime-status] [25450] Beginning invocation function api! {"metadata":{"emulator":{"name":"functions"},"function":{"name":"us-central1-api"},"extension":{},"message":"[runtime-status] [25450] Beginning invocation function api!"}}
[info] i  functions: Beginning execution of "api" {"metadata":{"emulator":{"name":"functions"},"function":{"name":"us-central1-api"},"extension":{},"message":"Beginning execution of \"api\""}}
[debug] [2022-07-16T19:30:05.463Z] [runtime-status] [25450] Running api in signature http {"metadata":{"emulator":{"name":"functions"},"function":{"name":"us-central1-api"},"extension":{},"message":"[runtime-status] [25450] Running api in signature http"}}
[debug] [2022-07-16T19:30:05.464Z] [runtime-status] [25450] Attempting to listen to port: /tmp/fire_emu_e03b119afd7c629b.sock {"metadata":{"emulator":{"name":"functions"},"function":{"name":"us-central1-api"},"extension":{},"message":"[runtime-status] [25450] Attempting to listen to port: /tmp/fire_emu_e03b119afd7c629b.sock"}}
[debug] [2022-07-16T19:30:05.464Z] [runtime-status] [25450] Listening to port: /tmp/fire_emu_e03b119afd7c629b.sock {"metadata":{"emulator":{"name":"functions"},"function":{"name":"us-central1-api"},"extension":{},"message":"[runtime-status] [25450] Listening to port: /tmp/fire_emu_e03b119afd7c629b.sock"}}
[debug] [2022-07-16T19:30:05.466Z] [functions] Runtime ready! Sending request! {"metadata":{"emulator":{"name":"functions"},"message":"[functions] Runtime ready! Sending request!"}}
[debug] [2022-07-16T19:30:05.466Z] [functions] Got req.url=/e-comm-49695/us-central1/api/payments/create?total=0, mapping to path=/payments/create?total=0 {"metadata":{"emulator":{"name":"functions"},"message":"[functions] Got req.url=/e-comm-49695/us-central1/api/payments/create?total=0, mapping to path=/payments/create?total=0"}}
[debug] [2022-07-16T19:30:05.469Z] [runtime-status] [25450] Ephemeral server handling POST request {"metadata":{"emulator":{"name":"functions"},"function":{"name":"us-central1-api"},"extension":{},"message":"[runtime-status] [25450] Ephemeral server handling POST request"}}
[info] >  Payement request recieved for  0 {"user":"Payement request recieved for  0","metadata":{"emulator":{"name":"functions"},"function":{"name":"us-central1-api"},"extension":{},"message":"\u001b[90m> \u001b[39m Payement request recieved for  0"}}
[debug] [2022-07-16T19:30:05.473Z] [runtime-status] [25450] Ephemeral server survived. {"metadata":{"emulator":{"name":"functions"},"function":{"name":"us-central1-api"},"extension":{},"message":"[runtime-status] [25450] Ephemeral server survived."}}
[info] >  (node:25450) UnhandledPromiseRejectionWarning: Error: This value must be greater than or equal to 1. {"user":"(node:25450) UnhandledPromiseRejectionWarning: Error: This value must be greater than or equal to 1.","metadata":{"emulator":{"name":"functions"},"function":{"name":"us-central1-api"},"extension":{},"message":"\u001b[90m> \u001b[39m (node:25450) UnhandledPromiseRejectionWarning: Error: This value must be greater than or equal to 1."}}
[info] >      at Function.generate (/media/pr/Rawat/Insane/e-comm/functions/node_modules/stripe/lib/Error.js:40:16) {"user":"    at Function.generate (/media/pr/Rawat/Insane/e-comm/functions/node_modules/stripe/lib/Error.js:40:16)","metadata":{"emulator":{"name":"functions"},"function":{"name":"us-central1-api"},"extension":{},"message":"\u001b[90m> \u001b[39m     at Function.generate (/media/pr/Rawat/Insane/e-comm/functions/node_modules/stripe/lib/Error.js:40:16)"}}
[info] >      at res.toJSON.then.StripeAPIError.message (/media/pr/Rawat/Insane/e-comm/functions/node_modules/stripe/lib/StripeResource.js:226:35) {"user":"    at res.toJSON.then.StripeAPIError.message (/media/pr/Rawat/Insane/e-comm/functions/node_modules/stripe/lib/StripeResource.js:226:35)","metadata":{"emulator":{"name":"functions"},"function":{"name":"us-central1-api"},"extension":{},"message":"\u001b[90m> \u001b[39m     at res.toJSON.then.StripeAPIError.message (/media/pr/Rawat/Insane/e-comm/functions/node_modules/stripe/lib/StripeResource.js:226:35)"}}
[info] >      at processTicksAndRejections (internal/process/task_queues.js:95:5) {"user":"    at processTicksAndRejections (internal/process/task_queues.js:95:5)","metadata":{"emulator":{"name":"functions"},"function":{"name":"us-central1-api"},"extension":{},"message":"\u001b[90m> \u001b[39m     at processTicksAndRejections (internal/process/task_queues.js:95:5)"}}
[info] >  (Use `node --trace-warnings ...` to show where the warning was created) {"user":"(Use `node --trace-warnings ...` to show where the warning was created)","metadata":{"emulator":{"name":"functions"},"function":{"name":"us-central1-api"},"extension":{},"message":"\u001b[90m> \u001b[39m (Use `node --trace-warnings ...` to show where the warning was created)"}}
[info] >  (node:25450) UnhandledPromiseRejectionWarning: Unhandled promise rejection. This error originated either by throwing inside of an async function without a catch block, or by rejecting a promise which was not handled with .catch(). To terminate the node process on unhandled promise rejection, use the CLI flag `--unhandled-rejections=strict` (see https://nodejs.org/api/cli.html#cli_unhandled_rejections_mode). (rejection id: 1) {"user":"(node:25450) UnhandledPromiseRejectionWarning: Unhandled promise rejection. This error originated either by throwing inside of an async function without a catch block, or by rejecting a promise which was not handled with .catch(). To terminate the node process on unhandled promise rejection, use the CLI flag `--unhandled-rejections=strict` (see https://nodejs.org/api/cli.html#cli_unhandled_rejections_mode). (rejection id: 1)","metadata":{"emulator":{"name":"functions"},"function":{"name":"us-central1-api"},"extension":{},"message":"\u001b[90m> \u001b[39m (node:25450) UnhandledPromiseRejectionWarning: Unhandled promise rejection. This error originated either by throwing inside of an async function without a catch block, or by rejecting a promise which was not handled with .catch(). To terminate the node process on unhandled promise rejection, use the CLI flag `--unhandled-rejections=strict` (see https://nodejs.org/api/cli.html#cli_unhandled_rejections_mode). (rejection id: 1)"}}
[info] >  (node:25450) [DEP0018] DeprecationWarning: Unhandled promise rejections are deprecated. In the future, promise rejections that are not handled will terminate the Node.js process with a non-zero exit code. {"user":"(node:25450) [DEP0018] DeprecationWarning: Unhandled promise rejections are deprecated. In the future, promise rejections that are not handled will terminate the Node.js process with a non-zero exit code.","metadata":{"emulator":{"name":"functions"},"function":{"name":"us-central1-api"},"extension":{},"message":"\u001b[90m> \u001b[39m (node:25450) [DEP0018] DeprecationWarning: Unhandled promise rejections are deprecated. In the future, promise rejections that are not handled will terminate the Node.js process with a non-zero exit code."}}
[warn] ⚠  functions: Your function timed out after ~60s. To configure this timeout, see
      https://firebase.google.com/docs/functions/manage-functions#set_timeout_and_memory_allocation. {"metadata":{"emulator":{"name":"functions"},"function":{"name":"us-central1-api"},"extension":{},"message":"Your function timed out after ~60s. To configure this timeout, see\n      https://firebase.google.com/docs/functions/manage-functions#set_timeout_and_memory_allocation."}}
[info] >  /usr/lib/node_modules/firebase-tools/lib/emulator/functionsEmulatorRuntime.js:630 {"user":"/usr/lib/node_modules/firebase-tools/lib/emulator/functionsEmulatorRuntime.js:630","metadata":{"emulator":{"name":"functions"},"function":{"name":"us-central1-api"},"extension":{},"message":"\u001b[90m> \u001b[39m /usr/lib/node_modules/firebase-tools/lib/emulator/functionsEmulatorRuntime.js:630"}}
[info] >              throw new Error("Function timed out."); {"user":"            throw new Error(\"Function timed out.\");","metadata":{"emulator":{"name":"functions"},"function":{"name":"us-central1-api"},"extension":{},"message":"\u001b[90m> \u001b[39m             throw new Error(\"Function timed out.\");"}}
[info] >              ^ {"user":"            ^","metadata":{"emulator":{"name":"functions"},"function":{"name":"us-central1-api"},"extension":{},"message":"\u001b[90m> \u001b[39m             ^"}}
[info] >   {"user":"","metadata":{"emulator":{"name":"functions"},"function":{"name":"us-central1-api"},"extension":{},"message":"\u001b[90m> \u001b[39m "}}
[info] >  Error: Function timed out. {"user":"Error: Function timed out.","metadata":{"emulator":{"name":"functions"},"function":{"name":"us-central1-api"},"extension":{},"message":"\u001b[90m> \u001b[39m Error: Function timed out."}}
[info] >      at Timeout._onTimeout (/usr/lib/node_modules/firebase-tools/lib/emulator/functionsEmulatorRuntime.js:630:19) {"user":"    at Timeout._onTimeout (/usr/lib/node_modules/firebase-tools/lib/emulator/functionsEmulatorRuntime.js:630:19)","metadata":{"emulator":{"name":"functions"},"function":{"name":"us-central1-api"},"extension":{},"message":"\u001b[90m> \u001b[39m     at Timeout._onTimeout (/usr/lib/node_modules/firebase-tools/lib/emulator/functionsEmulatorRuntime.js:630:19)"}}
[info] >      at listOnTimeout (internal/timers.js:557:17) {"user":"    at listOnTimeout (internal/timers.js:557:17)","metadata":{"emulator":{"name":"functions"},"function":{"name":"us-central1-api"},"extension":{},"message":"\u001b[90m> \u001b[39m     at listOnTimeout (internal/timers.js:557:17)"}}
[info] >      at processTimers (internal/timers.js:500:7) {"user":"    at processTimers (internal/timers.js:500:7)","metadata":{"emulator":{"name":"functions"},"function":{"name":"us-central1-api"},"extension":{},"message":"\u001b[90m> \u001b[39m     at processTimers (internal/timers.js:500:7)"}}
[debug] [2022-07-16T19:31:05.499Z] [worker-us-central1-api-b33acc06-90dc-4c97-ab9b-dc5dc2cdbab9]: exited {"metadata":{"emulator":{"name":"functions"},"message":"[worker-us-central1-api-b33acc06-90dc-4c97-ab9b-dc5dc2cdbab9]: exited"}}
[debug] [2022-07-16T19:31:05.501Z] [worker-us-central1-api-b33acc06-90dc-4c97-ab9b-dc5dc2cdbab9]: FINISHED {"metadata":{"emulator":{"name":"functions"},"message":"[worker-us-central1-api-b33acc06-90dc-4c97-ab9b-dc5dc2cdbab9]: FINISHED"}}
[debug] [2022-07-16T19:31:05.503Z] [work-queue] {"queueLength":0,"workRunningCount":0}
[debug] [2022-07-16T19:31:48.548Z] [work-queue] {"queueLength":1,"workRunningCount":0}
[debug] [2022-07-16T19:31:48.548Z] [work-queue] {"queueLength":0,"workRunningCount":1}
[debug] [2022-07-16T19:31:48.548Z] Accepted request POST /e-comm-49695/us-central1/api/payments/create?total=99900 --> us-central1-api
[debug] [2022-07-16T19:31:48.549Z] [worker-pool] Cleaned up workers for us-central1-api: 1 --> 0 {"metadata":{"emulator":{"name":"functions"},"message":"[worker-pool] Cleaned up workers for us-central1-api: 1 --> 0"}}
[debug] [2022-07-16T19:31:48.559Z] [worker-pool] addWorker(us-central1-api) {"metadata":{"emulator":{"name":"functions"},"message":"[worker-pool] addWorker(us-central1-api)"}}
[debug] [2022-07-16T19:31:48.559Z] [worker-pool] Adding worker with key us-central1-api, total=1 {"metadata":{"emulator":{"name":"functions"},"message":"[worker-pool] Adding worker with key us-central1-api, total=1"}}
[debug] [2022-07-16T19:31:48.560Z] [worker-pool] submitWork(triggerId=us-central1-api) {"metadata":{"emulator":{"name":"functions"},"message":"[worker-pool] submitWork(triggerId=us-central1-api)"}}
[debug] [2022-07-16T19:31:48.560Z] [worker-us-central1-api-89311245-dc9f-4787-881f-b727a3a7f49b]: BUSY {"metadata":{"emulator":{"name":"functions"},"message":"[worker-us-central1-api-89311245-dc9f-4787-881f-b727a3a7f49b]: BUSY"}}
[debug] [2022-07-16T19:31:49.166Z] [runtime-status] [27113] Functions runtime initialized. {"cwd":"/media/pr/Rawat/Insane/e-comm/functions","node_version":"14.20.0"} {"metadata":{"emulator":{"name":"functions"},"function":{"name":"us-central1-api"},"extension":{},"message":"[runtime-status] [27113] Functions runtime initialized. {\"cwd\":\"/media/pr/Rawat/Insane/e-comm/functions\",\"node_version\":\"14.20.0\"}"}}
[debug] [2022-07-16T19:31:49.170Z] [runtime-status] [27113] Disabled runtime features: undefined {"metadata":{"emulator":{"name":"functions"},"function":{"name":"us-central1-api"},"extension":{},"message":"[runtime-status] [27113] Disabled runtime features: undefined"}}
[debug] [2022-07-16T19:31:49.173Z] [runtime-status] [27113] Resolved module firebase-admin {"declared":true,"installed":true,"version":"10.3.0","resolution":"/media/pr/Rawat/Insane/e-comm/functions/node_modules/firebase-admin/lib/index.js"} {"metadata":{"emulator":{"name":"functions"},"function":{"name":"us-central1-api"},"extension":{},"message":"[runtime-status] [27113] Resolved module firebase-admin {\"declared\":true,\"installed\":true,\"version\":\"10.3.0\",\"resolution\":\"/media/pr/Rawat/Insane/e-comm/functions/node_modules/firebase-admin/lib/index.js\"}"}}
[debug] [2022-07-16T19:31:49.176Z] [runtime-status] [27113] Resolved module firebase-functions {"declared":true,"installed":true,"version":"3.22.0","resolution":"/media/pr/Rawat/Insane/e-comm/functions/node_modules/firebase-functions/lib/index.js"} {"metadata":{"emulator":{"name":"functions"},"function":{"name":"us-central1-api"},"extension":{},"message":"[runtime-status] [27113] Resolved module firebase-functions {\"declared\":true,\"installed\":true,\"version\":\"3.22.0\",\"resolution\":\"/media/pr/Rawat/Insane/e-comm/functions/node_modules/firebase-functions/lib/index.js\"}"}}
[debug] [2022-07-16T19:31:49.176Z] [runtime-status] [27113] Outgoing network have been stubbed. [{"name":"http","status":"mocked"},{"name":"http","status":"mocked"},{"name":"https","status":"mocked"},{"name":"https","status":"mocked"},{"name":"net","status":"mocked"}] {"metadata":{"emulator":{"name":"functions"},"function":{"name":"us-central1-api"},"extension":{},"message":"[runtime-status] [27113] Outgoing network have been stubbed. [{\"name\":\"http\",\"status\":\"mocked\"},{\"name\":\"http\",\"status\":\"mocked\"},{\"name\":\"https\",\"status\":\"mocked\"},{\"name\":\"https\",\"status\":\"mocked\"},{\"name\":\"net\",\"status\":\"mocked\"}]"}}
[debug] [2022-07-16T19:31:49.177Z] [runtime-status] [27113] Resolved module firebase-functions {"declared":true,"installed":true,"version":"3.22.0","resolution":"/media/pr/Rawat/Insane/e-comm/functions/node_modules/firebase-functions/lib/index.js"} {"metadata":{"emulator":{"name":"functions"},"function":{"name":"us-central1-api"},"extension":{},"message":"[runtime-status] [27113] Resolved module firebase-functions {\"declared\":true,\"installed\":true,\"version\":\"3.22.0\",\"resolution\":\"/media/pr/Rawat/Insane/e-comm/functions/node_modules/firebase-functions/lib/index.js\"}"}}
[debug] [2022-07-16T19:31:49.236Z] [runtime-status] [27113] Checked functions.config() {"config":{}} {"metadata":{"emulator":{"name":"functions"},"function":{"name":"us-central1-api"},"extension":{},"message":"[runtime-status] [27113] Checked functions.config() {\"config\":{}}"}}
[debug] [2022-07-16T19:31:49.236Z] [runtime-status] [27113] firebase-functions has been stubbed. {"functionsResolution":{"declared":true,"installed":true,"version":"3.22.0","resolution":"/media/pr/Rawat/Insane/e-comm/functions/node_modules/firebase-functions/lib/index.js"}} {"metadata":{"emulator":{"name":"functions"},"function":{"name":"us-central1-api"},"extension":{},"message":"[runtime-status] [27113] firebase-functions has been stubbed. {\"functionsResolution\":{\"declared\":true,\"installed\":true,\"version\":\"3.22.0\",\"resolution\":\"/media/pr/Rawat/Insane/e-comm/functions/node_modules/firebase-functions/lib/index.js\"}}"}}
[debug] [2022-07-16T19:31:49.237Z] [runtime-status] [27113] Resolved module firebase-functions {"declared":true,"installed":true,"version":"3.22.0","resolution":"/media/pr/Rawat/Insane/e-comm/functions/node_modules/firebase-functions/lib/index.js"} {"metadata":{"emulator":{"name":"functions"},"function":{"name":"us-central1-api"},"extension":{},"message":"[runtime-status] [27113] Resolved module firebase-functions {\"declared\":true,\"installed\":true,\"version\":\"3.22.0\",\"resolution\":\"/media/pr/Rawat/Insane/e-comm/functions/node_modules/firebase-functions/lib/index.js\"}"}}
[debug] [2022-07-16T19:31:49.239Z] [runtime-status] [27113] Resolved module firebase-admin {"declared":true,"installed":true,"version":"10.3.0","resolution":"/media/pr/Rawat/Insane/e-comm/functions/node_modules/firebase-admin/lib/index.js"} {"metadata":{"emulator":{"name":"functions"},"function":{"name":"us-central1-api"},"extension":{},"message":"[runtime-status] [27113] Resolved module firebase-admin {\"declared\":true,\"installed\":true,\"version\":\"10.3.0\",\"resolution\":\"/media/pr/Rawat/Insane/e-comm/functions/node_modules/firebase-admin/lib/index.js\"}"}}
[debug] [2022-07-16T19:31:49.241Z] [runtime-status] [27113] Resolved module firebase-functions {"declared":true,"installed":true,"version":"3.22.0","resolution":"/media/pr/Rawat/Insane/e-comm/functions/node_modules/firebase-functions/lib/index.js"} {"metadata":{"emulator":{"name":"functions"},"function":{"name":"us-central1-api"},"extension":{},"message":"[runtime-status] [27113] Resolved module firebase-functions {\"declared\":true,\"installed\":true,\"version\":\"3.22.0\",\"resolution\":\"/media/pr/Rawat/Insane/e-comm/functions/node_modules/firebase-functions/lib/index.js\"}"}}
[debug] [2022-07-16T19:31:49.241Z] [runtime-status] [27113] firebase-admin has been stubbed. {"adminResolution":{"declared":true,"installed":true,"version":"10.3.0","resolution":"/media/pr/Rawat/Insane/e-comm/functions/node_modules/firebase-admin/lib/index.js"}} {"metadata":{"emulator":{"name":"functions"},"function":{"name":"us-central1-api"},"extension":{},"message":"[runtime-status] [27113] firebase-admin has been stubbed. {\"adminResolution\":{\"declared\":true,\"installed\":true,\"version\":\"10.3.0\",\"resolution\":\"/media/pr/Rawat/Insane/e-comm/functions/node_modules/firebase-admin/lib/index.js\"}}"}}
[debug] [2022-07-16T19:31:49.469Z] [runtime-status] [27113] Beginning invocation function api! {"metadata":{"emulator":{"name":"functions"},"function":{"name":"us-central1-api"},"extension":{},"message":"[runtime-status] [27113] Beginning invocation function api!"}}
[info] i  functions: Beginning execution of "api" {"metadata":{"emulator":{"name":"functions"},"function":{"name":"us-central1-api"},"extension":{},"message":"Beginning execution of \"api\""}}
[debug] [2022-07-16T19:31:49.470Z] [runtime-status] [27113] Running api in signature http {"metadata":{"emulator":{"name":"functions"},"function":{"name":"us-central1-api"},"extension":{},"message":"[runtime-status] [27113] Running api in signature http"}}
[debug] [2022-07-16T19:31:49.473Z] [runtime-status] [27113] Attempting to listen to port: /tmp/fire_emu_3d6e0e533e418d9b.sock {"metadata":{"emulator":{"name":"functions"},"function":{"name":"us-central1-api"},"extension":{},"message":"[runtime-status] [27113] Attempting to listen to port: /tmp/fire_emu_3d6e0e533e418d9b.sock"}}
[debug] [2022-07-16T19:31:49.475Z] [runtime-status] [27113] Listening to port: /tmp/fire_emu_3d6e0e533e418d9b.sock {"metadata":{"emulator":{"name":"functions"},"function":{"name":"us-central1-api"},"extension":{},"message":"[runtime-status] [27113] Listening to port: /tmp/fire_emu_3d6e0e533e418d9b.sock"}}
[debug] [2022-07-16T19:31:49.478Z] [functions] Runtime ready! Sending request! {"metadata":{"emulator":{"name":"functions"},"message":"[functions] Runtime ready! Sending request!"}}
[debug] [2022-07-16T19:31:49.478Z] [functions] Got req.url=/e-comm-49695/us-central1/api/payments/create?total=99900, mapping to path=/payments/create?total=99900 {"metadata":{"emulator":{"name":"functions"},"message":"[functions] Got req.url=/e-comm-49695/us-central1/api/payments/create?total=99900, mapping to path=/payments/create?total=99900"}}
[debug] [2022-07-16T19:31:49.488Z] [runtime-status] [27113] Ephemeral server handling POST request {"metadata":{"emulator":{"name":"functions"},"function":{"name":"us-central1-api"},"extension":{},"message":"[runtime-status] [27113] Ephemeral server handling POST request"}}
[info] >  Payement request recieved for  99900 {"user":"Payement request recieved for  99900","metadata":{"emulator":{"name":"functions"},"function":{"name":"us-central1-api"},"extension":{},"message":"\u001b[90m> \u001b[39m Payement request recieved for  99900"}}
[debug] [2022-07-16T19:31:49.505Z] [runtime-status] [27113] Ephemeral server survived. {"metadata":{"emulator":{"name":"functions"},"function":{"name":"us-central1-api"},"extension":{},"message":"[runtime-status] [27113] Ephemeral server survived."}}
[info] i  functions: Finished "api" in ~1s {"metadata":{"emulator":{"name":"functions"},"function":{"name":"us-central1-api"},"extension":{},"message":"Finished \"api\" in ~1s"}}
[debug] [2022-07-16T19:31:50.146Z] [worker-us-central1-api-89311245-dc9f-4787-881f-b727a3a7f49b]: IDLE {"metadata":{"emulator":{"name":"functions"},"message":"[worker-us-central1-api-89311245-dc9f-4787-881f-b727a3a7f49b]: IDLE"}}
[debug] [2022-07-16T19:31:50.146Z] [work-queue] {"queueLength":0,"workRunningCount":0}
[debug] [2022-07-16T19:32:13.052Z] [work-queue] {"queueLength":1,"workRunningCount":0}
[debug] [2022-07-16T19:32:13.052Z] [work-queue] {"queueLength":0,"workRunningCount":1}
[debug] [2022-07-16T19:32:13.052Z] Accepted request POST /e-comm-49695/us-central1/api/payments/create?total=0 --> us-central1-api
[debug] [2022-07-16T19:32:13.052Z] [worker-pool] submitWork(triggerId=us-central1-api) {"metadata":{"emulator":{"name":"functions"},"message":"[worker-pool] submitWork(triggerId=us-central1-api)"}}
[debug] [2022-07-16T19:32:13.052Z] [worker-us-central1-api-89311245-dc9f-4787-881f-b727a3a7f49b]: BUSY {"metadata":{"emulator":{"name":"functions"},"message":"[worker-us-central1-api-89311245-dc9f-4787-881f-b727a3a7f49b]: BUSY"}}
[debug] [2022-07-16T19:32:13.053Z] [runtime-status] [27113] Beginning invocation function api! {"metadata":{"emulator":{"name":"functions"},"function":{"name":"us-central1-api"},"extension":{},"message":"[runtime-status] [27113] Beginning invocation function api!"}}
[info] i  functions: Beginning execution of "api" {"metadata":{"emulator":{"name":"functions"},"function":{"name":"us-central1-api"},"extension":{},"message":"Beginning execution of \"api\""}}
[debug] [2022-07-16T19:32:13.054Z] [runtime-status] [27113] Running api in signature http {"metadata":{"emulator":{"name":"functions"},"function":{"name":"us-central1-api"},"extension":{},"message":"[runtime-status] [27113] Running api in signature http"}}
[debug] [2022-07-16T19:32:13.056Z] [runtime-status] [27113] Attempting to listen to port: /tmp/fire_emu_3d6e0e533e418d9b.sock {"metadata":{"emulator":{"name":"functions"},"function":{"name":"us-central1-api"},"extension":{},"message":"[runtime-status] [27113] Attempting to listen to port: /tmp/fire_emu_3d6e0e533e418d9b.sock"}}
[debug] [2022-07-16T19:32:13.056Z] [runtime-status] [27113] Listening to port: /tmp/fire_emu_3d6e0e533e418d9b.sock {"metadata":{"emulator":{"name":"functions"},"function":{"name":"us-central1-api"},"extension":{},"message":"[runtime-status] [27113] Listening to port: /tmp/fire_emu_3d6e0e533e418d9b.sock"}}
[debug] [2022-07-16T19:32:13.059Z] [functions] Runtime ready! Sending request! {"metadata":{"emulator":{"name":"functions"},"message":"[functions] Runtime ready! Sending request!"}}
[debug] [2022-07-16T19:32:13.059Z] [functions] Got req.url=/e-comm-49695/us-central1/api/payments/create?total=0, mapping to path=/payments/create?total=0 {"metadata":{"emulator":{"name":"functions"},"message":"[functions] Got req.url=/e-comm-49695/us-central1/api/payments/create?total=0, mapping to path=/payments/create?total=0"}}
[debug] [2022-07-16T19:32:13.062Z] [runtime-status] [27113] Ephemeral server handling POST request {"metadata":{"emulator":{"name":"functions"},"function":{"name":"us-central1-api"},"extension":{},"message":"[runtime-status] [27113] Ephemeral server handling POST request"}}
[info] >  Payement request recieved for  0 {"user":"Payement request recieved for  0","metadata":{"emulator":{"name":"functions"},"function":{"name":"us-central1-api"},"extension":{},"message":"\u001b[90m> \u001b[39m Payement request recieved for  0"}}
[debug] [2022-07-16T19:32:13.065Z] [runtime-status] [27113] Ephemeral server survived. {"metadata":{"emulator":{"name":"functions"},"function":{"name":"us-central1-api"},"extension":{},"message":"[runtime-status] [27113] Ephemeral server survived."}}
[info] >  (node:27113) UnhandledPromiseRejectionWarning: Error: This value must be greater than or equal to 1. {"user":"(node:27113) UnhandledPromiseRejectionWarning: Error: This value must be greater than or equal to 1.","metadata":{"emulator":{"name":"functions"},"function":{"name":"us-central1-api"},"extension":{},"message":"\u001b[90m> \u001b[39m (node:27113) UnhandledPromiseRejectionWarning: Error: This value must be greater than or equal to 1."}}
[info] >      at Function.generate (/media/pr/Rawat/Insane/e-comm/functions/node_modules/stripe/lib/Error.js:40:16) {"user":"    at Function.generate (/media/pr/Rawat/Insane/e-comm/functions/node_modules/stripe/lib/Error.js:40:16)","metadata":{"emulator":{"name":"functions"},"function":{"name":"us-central1-api"},"extension":{},"message":"\u001b[90m> \u001b[39m     at Function.generate (/media/pr/Rawat/Insane/e-comm/functions/node_modules/stripe/lib/Error.js:40:16)"}}
[info] >      at res.toJSON.then.StripeAPIError.message (/media/pr/Rawat/Insane/e-comm/functions/node_modules/stripe/lib/StripeResource.js:226:35) {"user":"    at res.toJSON.then.StripeAPIError.message (/media/pr/Rawat/Insane/e-comm/functions/node_modules/stripe/lib/StripeResource.js:226:35)","metadata":{"emulator":{"name":"functions"},"function":{"name":"us-central1-api"},"extension":{},"message":"\u001b[90m> \u001b[39m     at res.toJSON.then.StripeAPIError.message (/media/pr/Rawat/Insane/e-comm/functions/node_modules/stripe/lib/StripeResource.js:226:35)"}}
[info] >      at processTicksAndRejections (internal/process/task_queues.js:95:5) {"user":"    at processTicksAndRejections (internal/process/task_queues.js:95:5)","metadata":{"emulator":{"name":"functions"},"function":{"name":"us-central1-api"},"extension":{},"message":"\u001b[90m> \u001b[39m     at processTicksAndRejections (internal/process/task_queues.js:95:5)"}}
[info] >  (Use `node --trace-warnings ...` to show where the warning was created) {"user":"(Use `node --trace-warnings ...` to show where the warning was created)","metadata":{"emulator":{"name":"functions"},"function":{"name":"us-central1-api"},"extension":{},"message":"\u001b[90m> \u001b[39m (Use `node --trace-warnings ...` to show where the warning was created)"}}
[info] >  (node:27113) UnhandledPromiseRejectionWarning: Unhandled promise rejection. This error originated either by throwing inside of an async function without a catch block, or by rejecting a promise which was not handled with .catch(). To terminate the node process on unhandled promise rejection, use the CLI flag `--unhandled-rejections=strict` (see https://nodejs.org/api/cli.html#cli_unhandled_rejections_mode). (rejection id: 1) {"user":"(node:27113) UnhandledPromiseRejectionWarning: Unhandled promise rejection. This error originated either by throwing inside of an async function without a catch block, or by rejecting a promise which was not handled with .catch(). To terminate the node process on unhandled promise rejection, use the CLI flag `--unhandled-rejections=strict` (see https://nodejs.org/api/cli.html#cli_unhandled_rejections_mode). (rejection id: 1)","metadata":{"emulator":{"name":"functions"},"function":{"name":"us-central1-api"},"extension":{},"message":"\u001b[90m> \u001b[39m (node:27113) UnhandledPromiseRejectionWarning: Unhandled promise rejection. This error originated either by throwing inside of an async function without a catch block, or by rejecting a promise which was not handled with .catch(). To terminate the node process on unhandled promise rejection, use the CLI flag `--unhandled-rejections=strict` (see https://nodejs.org/api/cli.html#cli_unhandled_rejections_mode). (rejection id: 1)"}}
[info] >  (node:27113) [DEP0018] DeprecationWarning: Unhandled promise rejections are deprecated. In the future, promise rejections that are not handled will terminate the Node.js process with a non-zero exit code. {"user":"(node:27113) [DEP0018] DeprecationWarning: Unhandled promise rejections are deprecated. In the future, promise rejections that are not handled will terminate the Node.js process with a non-zero exit code.","metadata":{"emulator":{"name":"functions"},"function":{"name":"us-central1-api"},"extension":{},"message":"\u001b[90m> \u001b[39m (node:27113) [DEP0018] DeprecationWarning: Unhandled promise rejections are deprecated. In the future, promise rejections that are not handled will terminate the Node.js process with a non-zero exit code."}}
[warn] ⚠  functions: Your function timed out after ~60s. To configure this timeout, see
      https://firebase.google.com/docs/functions/manage-functions#set_timeout_and_memory_allocation. {"metadata":{"emulator":{"name":"functions"},"function":{"name":"us-central1-api"},"extension":{},"message":"Your function timed out after ~60s. To configure this timeout, see\n      https://firebase.google.com/docs/functions/manage-functions#set_timeout_and_memory_allocation."}}
[info] >  /usr/lib/node_modules/firebase-tools/lib/emulator/functionsEmulatorRuntime.js:630 {"user":"/usr/lib/node_modules/firebase-tools/lib/emulator/functionsEmulatorRuntime.js:630","metadata":{"emulator":{"name":"functions"},"function":{"name":"us-central1-api"},"extension":{},"message":"\u001b[90m> \u001b[39m /usr/lib/node_modules/firebase-tools/lib/emulator/functionsEmulatorRuntime.js:630"}}
[info] >              throw new Error("Function timed out."); {"user":"            throw new Error(\"Function timed out.\");","metadata":{"emulator":{"name":"functions"},"function":{"name":"us-central1-api"},"extension":{},"message":"\u001b[90m> \u001b[39m             throw new Error(\"Function timed out.\");"}}
[info] >              ^ {"user":"            ^","metadata":{"emulator":{"name":"functions"},"function":{"name":"us-central1-api"},"extension":{},"message":"\u001b[90m> \u001b[39m             ^"}}
[info] >   {"user":"","metadata":{"emulator":{"name":"functions"},"function":{"name":"us-central1-api"},"extension":{},"message":"\u001b[90m> \u001b[39m "}}
[info] >  Error: Function timed out. {"user":"Error: Function timed out.","metadata":{"emulator":{"name":"functions"},"function":{"name":"us-central1-api"},"extension":{},"message":"\u001b[90m> \u001b[39m Error: Function timed out."}}
[info] >      at Timeout._onTimeout (/usr/lib/node_modules/firebase-tools/lib/emulator/functionsEmulatorRuntime.js:630:19) {"user":"    at Timeout._onTimeout (/usr/lib/node_modules/firebase-tools/lib/emulator/functionsEmulatorRuntime.js:630:19)","metadata":{"emulator":{"name":"functions"},"function":{"name":"us-central1-api"},"extension":{},"message":"\u001b[90m> \u001b[39m     at Timeout._onTimeout (/usr/lib/node_modules/firebase-tools/lib/emulator/functionsEmulatorRuntime.js:630:19)"}}
[info] >      at listOnTimeout (internal/timers.js:557:17) {"user":"    at listOnTimeout (internal/timers.js:557:17)","metadata":{"emulator":{"name":"functions"},"function":{"name":"us-central1-api"},"extension":{},"message":"\u001b[90m> \u001b[39m     at listOnTimeout (internal/timers.js:557:17)"}}
[info] >      at processTimers (internal/timers.js:500:7) {"user":"    at processTimers (internal/timers.js:500:7)","metadata":{"emulator":{"name":"functions"},"function":{"name":"us-central1-api"},"extension":{},"message":"\u001b[90m> \u001b[39m     at processTimers (internal/timers.js:500:7)"}}
[debug] [2022-07-16T19:33:13.066Z] [worker-us-central1-api-89311245-dc9f-4787-881f-b727a3a7f49b]: exited {"metadata":{"emulator":{"name":"functions"},"message":"[worker-us-central1-api-89311245-dc9f-4787-881f-b727a3a7f49b]: exited"}}
[debug] [2022-07-16T19:33:13.066Z] [worker-us-central1-api-89311245-dc9f-4787-881f-b727a3a7f49b]: FINISHED {"metadata":{"emulator":{"name":"functions"},"message":"[worker-us-central1-api-89311245-dc9f-4787-881f-b727a3a7f49b]: FINISHED"}}
[debug] [2022-07-16T19:33:13.066Z] [work-queue] {"queueLength":0,"workRunningCount":0}
